
Processing my_fit_wjets.cc("ratio")...
[#1] INFO:DataHandling -- RooDataHist::adjustBinning(RooHist_ttbar): fit range of variable mass expanded to nearest bin boundaries: [15,200] --> [15,200]
[#1] INFO:DataHandling -- RooDataHist::adjustBinning(RooHist_DYJets): fit range of variable mass expanded to nearest bin boundaries: [15,200] --> [15,200]
[#1] INFO:DataHandling -- RooDataHist::adjustBinning(RooHist_WJets): fit range of variable mass expanded to nearest bin boundaries: [15,200] --> [15,200]
[#1] INFO:DataHandling -- RooDataHist::adjustBinning(RooHist_QCD): fit range of variable mass expanded to nearest bin boundaries: [15,200] --> [15,200]
[#1] INFO:DataHandling -- RooDataHist::adjustBinning(RooHist_data): fit range of variable mass expanded to nearest bin boundaries: [15,200] --> [15,200]
[#0] WARNING:InputArguments -- RooAbsPdf::fitTo(model) WARNING: a likelihood fit is request of what appears to be weighted data. 
       While the estimated values of the parameters will always be calculated taking the weights into account, 
       there are multiple ways to estimate the errors on these parameter values. You are advised to make an 
       explicit choice on the error calculation: 
           - Either provide SumW2Error(kTRUE), to calculate a sum-of-weights corrected HESSE error matrix 
             (error will be proportional to the number of events)
           - Or provide SumW2Error(kFALSE), to return errors from original HESSE error matrix
             (which will be proportional to the sum of the weights)
       If you want the errors to reflect the information contained in the provided dataset, choose kTRUE. 
       If you want the errors to reflect the precision you would be able to obtain with an unweighted dataset 
       with 'sum-of-weights' events, choose kFALSE.
[#1] INFO:Minization -- p.d.f. provides expected number of events, including extended term in likelihood.
[#1] INFO:Minization -- RooMinuit::optimizeConst: activating const optimization
[#1] INFO:Minization --  The following expressions have been identified as constant and will be precalculated and cached: (pdf_WJets,pdf_QCD,pdf_DYJets,pdf_ttbar)
 **********
 **   13 **MIGRAD        2000           1
 **********
 FIRST CALL TO USER FUNCTION AT NEW START POINT, WITH IFLAG=4.
 START MIGRAD MINIMIZATION.  STRATEGY  1.  CONVERGENCE WHEN EDM .LT. 1.00e-03
 FCN=-1.74691e+06 FROM MIGRAD    STATUS=INITIATE       14 CALLS          15 TOTAL
                     EDM= unknown      STRATEGY= 1      NO ERROR MATRIX       
  EXT PARAMETER               CURRENT GUESS       STEP         FIRST   
  NO.   NAME      VALUE            ERROR          SIZE      DERIVATIVE 
   1  n_DYJets     1.98373e+05   3.96746e+03   2.01358e-01   4.24399e+01
   2  n_QCD        1.82088e+04   1.09253e+03   2.01358e-01  -5.87568e+01
   3  n_WJets      5.86872e+02   3.52123e+01   2.01358e-01  -8.97864e+00
   4  n_ttbar      1.42310e+04   2.84620e+02   2.01358e-01  -1.96671e+01
                               ERR DEF= 0.5
 MIGRAD FAILS TO FIND IMPROVEMENT
 MIGRAD MINIMIZATION HAS CONVERGED.
 FCN=-1.74693e+06 FROM MIGRAD    STATUS=CONVERGED     113 CALLS         114 TOTAL
                     EDM=0.000797292    STRATEGY= 1  ERROR MATRIX UNCERTAINTY   4.3 per cent
  EXT PARAMETER                                   STEP         FIRST   
  NO.   NAME      VALUE            ERROR          SIZE      DERIVATIVE 
   1  n_DYJets     1.97231e+05   4.86946e+02  -0.00000e+00   6.10014e-01
   2  n_QCD        1.86721e+04   3.99636e+02  -0.00000e+00  -3.42615e-01
   3  n_WJets      7.62932e+02   2.13685e+01   0.00000e+00  -1.68805e-02
   4  n_ttbar      1.47223e+04   4.48004e+02   0.00000e+00  -1.32528e-01
                               ERR DEF= 0.5
 EXTERNAL ERROR MATRIX.    NDIM=  25    NPAR=  4    ERR DEF=0.5
  2.372e+05  4.012e+03  6.242e+00 -5.247e+04 
  4.012e+03  1.600e+05 -2.615e+01 -1.425e+05 
  6.242e+00 -2.615e+01  1.369e-01  2.066e+01 
 -5.247e+04 -1.425e+05  2.066e+01  2.087e+05 
 PARAMETER  CORRELATION COEFFICIENTS  
       NO.  GLOBAL      1      2      3      4
        1  0.35289   1.000  0.021  0.035 -0.236
        2  0.80082   0.021  1.000 -0.177 -0.780
        3  0.18119   0.035 -0.177  1.000  0.122
        4  0.81018  -0.236 -0.780  0.122  1.000
 **********
 **   18 **HESSE        2000
 **********
 COVARIANCE MATRIX CALCULATED SUCCESSFULLY
 FCN=-1.74693e+06 FROM HESSE     STATUS=OK             27 CALLS         141 TOTAL
                     EDM=0.00151162    STRATEGY= 1      ERROR MATRIX ACCURATE 
  EXT PARAMETER                                INTERNAL      INTERNAL  
  NO.   NAME      VALUE            ERROR       STEP SIZE       VALUE   
   1  n_DYJets     1.97231e+05   5.03264e+02   2.15276e-02  -5.75878e-02
   2  n_QCD        1.86721e+04   4.85409e+02   4.63082e-02   8.49231e-02
   3  n_WJets      7.62932e+02   2.23313e+01   4.61524e-01   1.56657e+00
   4  n_ttbar      1.47223e+04   4.39371e+02   1.76861e-01   3.52462e-01
                               ERR DEF= 0.5
 EXTERNAL ERROR MATRIX.    NDIM=  25    NPAR=  4    ERR DEF=0.5
  2.533e+05 -5.039e+04 -6.350e-01 -6.080e+03 
 -5.039e+04  2.362e+05 -8.820e+00 -1.720e+05 
 -6.350e-01 -8.820e+00  1.432e-01  1.720e+01 
 -6.080e+03 -1.720e+05  1.720e+01  2.004e+05 
 PARAMETER  CORRELATION COEFFICIENTS  
       NO.  GLOBAL      1      2      3      4
        1  0.37234   1.000 -0.206 -0.003 -0.027
        2  0.82291  -0.206  1.000 -0.048 -0.790
        3  0.11614  -0.003 -0.048  1.000  0.101
        4  0.81594  -0.027 -0.790  0.101  1.000
[#1] INFO:Minization -- RooMinuit::optimizeConst: deactivating const optimization

  RooFitResult: minimized FCN value: -1.74693e+06, estimated distance to minimum: 0.00151162
                covariance matrix quality: Full, accurate covariance matrix
                Status : MIGRAD=0 HESSE=0 

    Floating Parameter    FinalValue +/-  Error   
  --------------------  --------------------------
              n_DYJets    1.9723e+05 +/-  5.03e+02
                 n_QCD    1.8672e+04 +/-  4.85e+02
               n_WJets    7.6293e+02 +/-  2.23e+01
               n_ttbar    1.4722e+04 +/-  4.39e+02

chi2ndof: 35.8442
