
Processing my_fitTemplates.cc("endcap", 1)...
[#1] INFO:DataHandling -- RooDataHist::adjustBinning(RooHist_data): fit range of variable obs expanded to nearest bin boundaries: [0,5] --> [0,5]
[#1] INFO:DataHandling -- RooDataHist::adjustBinning(RooHist_QCD): fit range of variable obs expanded to nearest bin boundaries: [0,5] --> [0,5]
[#1] INFO:DataHandling -- RooDataHist::adjustBinning(RooHist_WJets): fit range of variable obs expanded to nearest bin boundaries: [0,5] --> [0,5]
[#1] INFO:DataHandling -- RooDataHist::adjustBinning(RooHist_DYJets): fit range of variable obs expanded to nearest bin boundaries: [0,5] --> [0,5]
[#1] INFO:DataHandling -- RooDataHist::adjustBinning(RooHist_ttbar): fit range of variable obs expanded to nearest bin boundaries: [0,5] --> [0,5]
[#1] INFO:DataHandling -- RooDataHist::adjustBinning(RooHist_tW): fit range of variable obs expanded to nearest bin boundaries: [0,5] --> [0,5]
[#1] INFO:DataHandling -- RooDataHist::adjustBinning(RooHist_WW): fit range of variable obs expanded to nearest bin boundaries: [0,5] --> [0,5]
[#1] INFO:DataHandling -- RooDataHist::adjustBinning(RooHist_WZ): fit range of variable obs expanded to nearest bin boundaries: [0,5] --> [0,5]
[#1] INFO:DataHandling -- RooDataHist::adjustBinning(RooHist_ZZ): fit range of variable obs expanded to nearest bin boundaries: [0,5] --> [0,5]
[#1] INFO:Minization -- p.d.f. provides expected number of events, including extended term in likelihood.
[#1] INFO:Minization -- RooMinuit::optimizeConst: activating const optimization
[#1] INFO:Minization --  The following expressions have been identified as constant and will be precalculated and cached: (pdf_QCD,pdf_WJets,pdf_DYJets,pdf_ttbar,pdf_tW,pdf_WW,pdf_WZ,pdf_ZZ)
 **********
 **   13 **MIGRAD        4000           1
 **********
 FIRST CALL TO USER FUNCTION AT NEW START POINT, WITH IFLAG=4.
 START MIGRAD MINIMIZATION.  STRATEGY  1.  CONVERGENCE WHEN EDM .LT. 1.00e-03
 FCN=-4.46116e+08 FROM MIGRAD    STATUS=INITIATE       32 CALLS          33 TOTAL
                     EDM= unknown      STRATEGY= 1      NO ERROR MATRIX       
  EXT PARAMETER               CURRENT GUESS       STEP         FIRST   
  NO.   NAME      VALUE            ERROR          SIZE      DERIVATIVE 
   1  n_DYJets     3.45717e+06   3.45717e+04   2.01358e-01  -2.66971e+04
   2  n_QCD        1.26837e+07   1.26837e+06   2.01358e-01   1.03056e+06
   3  n_WJets      9.19101e+06   9.19101e+05   2.01358e-01  -7.18153e+05
   4  n_WW         6.24941e+04   6.24941e+02   2.01358e-01  -4.51945e+02
   5  n_WZ         2.20715e+04   2.20715e+02   2.01358e-01  -1.59824e+02
   6  n_ZZ         7.28020e+03   7.28020e+01   2.01358e-01  -5.08610e+01
   7  n_tW         2.50063e+04   2.50063e+02   2.01358e-01  -1.57630e+02
   8  n_ttbar      5.57169e+05   5.57169e+03   2.01358e-01  -3.17325e+03
                               ERR DEF= 0.5
 MIGRAD FAILS TO FIND IMPROVEMENT
 MACHINE ACCURACY LIMITS FURTHER IMPROVEMENT.
 MIGRAD MINIMIZATION HAS CONVERGED.
 MIGRAD WILL VERIFY CONVERGENCE AND ERROR MATRIX.
 COVARIANCE MATRIX CALCULATED SUCCESSFULLY
 FCN=-4.46528e+08 FROM HESSE     STATUS=OK             65 CALLS         295 TOTAL
                     EDM=1.61566    STRATEGY= 1      ERROR MATRIX ACCURATE 
  EXT PARAMETER                                   STEP         FIRST   
  NO.   NAME      VALUE            ERROR          SIZE      DERIVATIVE 
   1  n_DYJets     3.59035e+06   5.76668e+03   5.00000e-01   4.10790e+01
   2  n_QCD        1.01280e+07   3.40244e+03   8.51147e-03  -7.89574e+02
   3  n_WJets      1.15905e+07   5.66804e+03   1.53672e-02   1.36883e+03
   4  n_WW         5.93720e+04   3.49756e+02   5.00000e-01   1.83346e-01
   5  n_WZ         2.09720e+04   2.92411e+02   5.00000e-01   1.56739e-01
   6  n_ZZ         6.91637e+03   4.88803e+02   5.00000e-01   1.93608e-02
   7  n_tW         2.62075e+04   2.21698e+03   5.00000e-01  -7.74524e-02
   8  n_ttbar      5.85026e+05   1.09506e+02   5.00000e-01   1.07166e+00
                               ERR DEF= 0.5
 MIGRAD FAILS TO FIND IMPROVEMENT
 MACHINE ACCURACY LIMITS FURTHER IMPROVEMENT.
 MIGRAD MINIMIZATION HAS CONVERGED.
 FCN=-4.46528e+08 FROM MIGRAD    STATUS=CONVERGED     325 CALLS         326 TOTAL
                     EDM=14.0591    STRATEGY= 1  ERROR MATRIX UNCERTAINTY   0.1 per cent
  EXT PARAMETER                                   STEP         FIRST   
  NO.   NAME      VALUE            ERROR          SIZE      DERIVATIVE 
   1  n_DYJets     3.58640e+06   2.27430e+03   0.00000e+00  -1.03090e+02
   2  n_QCD        1.01297e+07   3.45597e+03   0.00000e+00  -2.08413e+02
   3  n_WJets      1.15878e+07   5.16561e+03  -0.00000e+00  -1.05161e+02
   4  n_WW         5.93756e+04   3.49207e+02  -0.00000e+00   2.06657e-01
   5  n_WZ         2.09707e+04   2.92751e+02  -0.00000e+00   9.72015e-02
   6  n_ZZ         6.91665e+03   4.85407e+02  -0.00000e+00   2.35927e-02
   7  n_tW         2.62565e+04   2.09650e+03   0.00000e+00  -1.00800e-02
   8  n_ttbar      5.85026e+05   1.09836e+02  -0.00000e+00  -1.57820e+00
                               ERR DEF= 0.5
 EXTERNAL ERROR MATRIX.    NDIM=  25    NPAR=  8    ERR DEF=0.5
  5.173e+06  4.349e+05 -6.272e+06  1.143e+04  3.568e+03  8.719e+02  1.810e+03 -7.057e+03 
  4.349e+05  1.194e+07 -2.660e+06 -8.502e+01 -6.507e+02 -4.910e+01  8.606e+02  1.203e+03 
 -6.272e+06 -2.660e+06  2.668e+07 -4.713e+04 -1.587e+04 -3.504e+03 -6.669e+03  2.287e+04 
  1.143e+04 -8.502e+01 -4.713e+04  8.905e+03 -2.802e+00 -3.879e-01  1.113e+00  1.220e+00 
  3.568e+03 -6.507e+02 -1.587e+04 -2.802e+00  3.337e+03 -2.139e-01 -1.429e+00  2.425e+00 
  8.719e+02 -4.910e+01 -3.504e+03 -3.879e-01 -2.139e-01  5.471e+02  9.025e-02  8.498e-02 
  1.810e+03  8.606e+02 -6.669e+03  1.113e+00 -1.429e+00  9.025e-02  1.264e+03 -3.211e+00 
 -7.057e+03  1.203e+03  2.287e+04  1.220e+00  2.425e+00  8.498e-02 -3.211e+00  8.091e+02 
 PARAMETER  CORRELATION COEFFICIENTS  
       NO.  GLOBAL      1      2      3      4      5      6      7      8
        1  0.53505   1.000  0.055 -0.534  0.053  0.027  0.016  0.022 -0.109
        2  0.15695   0.055  1.000 -0.149 -0.000 -0.003 -0.001  0.007  0.012
        3  0.56282  -0.534 -0.149  1.000 -0.097 -0.053 -0.029 -0.036  0.156
        4  0.09947   0.053 -0.000 -0.097  1.000 -0.001 -0.000  0.000  0.000
        5  0.05577   0.027 -0.003 -0.053 -0.001  1.000 -0.000 -0.001  0.001
        6  0.03009   0.016 -0.001 -0.029 -0.000 -0.000  1.000  0.000  0.000
        7  0.03686   0.022  0.007 -0.036  0.000 -0.001  0.000  1.000 -0.003
        8  0.16367  -0.109  0.012  0.156  0.000  0.001  0.000 -0.003  1.000
 **********
 **   18 **HESSE        4000
 **********
 COVARIANCE MATRIX CALCULATED SUCCESSFULLY
 FCN=-4.46528e+08 FROM HESSE     STATUS=OK             65 CALLS         391 TOTAL
                     EDM=0.0875405    STRATEGY= 1      ERROR MATRIX ACCURATE 
  EXT PARAMETER                                INTERNAL      INTERNAL  
  NO.   NAME      VALUE            ERROR       STEP SIZE       VALUE   
   1  n_DYJets     3.58640e+06   5.62497e+03   5.00000e-01   1.34108e+01
   2  n_QCD        1.01297e+07   3.40279e+03   8.51145e-03  -4.14495e-01
   3  n_WJets      1.15878e+07   5.70335e+03   6.14687e-03   5.48675e-01
   4  n_WW         5.93756e+04   4.67664e+02   5.00000e-01   6.14245e+02
   5  n_WZ         2.09707e+04   3.69863e+02   5.00000e-01   2.05310e+03
   6  n_ZZ         6.91665e+03   5.13808e+02   5.00000e-01   6.84715e+03
   7  n_tW         2.62565e+04   1.66234e+03   5.00000e-01   2.01218e+03
   8  n_ttbar      5.85026e+05   1.02389e+02   5.00000e-01   9.58071e+01
                               ERR DEF= 0.5
 EXTERNAL ERROR MATRIX.    NDIM=  25    NPAR=  8    ERR DEF=0.5
  3.167e+07  2.318e+04 -2.154e+07 -4.933e+02 -1.620e+02 -3.401e+01  6.104e+01  1.086e+02 
  2.318e+04  1.158e+07 -1.331e+06 -7.916e+02 -2.398e+02 -1.165e+02  6.150e+02  2.024e+03 
 -2.154e+07 -1.331e+06  3.253e+07 -5.655e+04 -1.854e+04 -3.892e+03  7.125e+03  1.327e+04 
 -4.933e+02 -7.916e+02 -5.655e+04  1.201e+04 -4.520e-01 -9.835e-02  1.688e-01  2.470e-01 
 -1.620e+02 -2.398e+02 -1.854e+04 -4.520e-01  4.271e+03 -3.122e-02  5.093e-02  5.693e-02 
 -3.401e+01 -1.165e+02 -3.892e+03 -9.835e-02 -3.122e-02  6.935e+02  1.200e-02  1.706e-02 
  6.104e+01  6.150e+02  7.125e+03  1.688e-01  5.093e-02  1.200e-02  5.019e+02 -6.700e-02 
  1.086e+02  2.024e+03  1.327e+04  2.470e-01  5.693e-02  1.706e-02 -6.700e-02  7.542e+02 
 PARAMETER  CORRELATION COEFFICIENTS  
       NO.  GLOBAL      1      2      3      4      5      6      7      8
        1  0.68034   1.000  0.001 -0.671 -0.001 -0.000 -0.000  0.000  0.001
        2  0.09957   0.001  1.000 -0.069 -0.002 -0.001 -0.001  0.008  0.022
        3  0.69079  -0.671 -0.069  1.000 -0.090 -0.050 -0.026  0.056  0.085
        4  0.12515  -0.001 -0.002 -0.090  1.000 -0.000 -0.000  0.000  0.000
        5  0.06916  -0.000 -0.001 -0.050 -0.000  1.000 -0.000  0.000  0.000
        6  0.03619  -0.000 -0.001 -0.026 -0.000 -0.000  1.000  0.000  0.000
        7  0.07856   0.000  0.008  0.056  0.000  0.000  0.000  1.000 -0.000
        8  0.12099   0.001  0.022  0.085  0.000  0.000  0.000 -0.000  1.000
[#1] INFO:Minization -- RooMinuit::optimizeConst: deactivating const optimization
[#1] INFO:Plotting -- RooAbsPdf::plotOn(model) directly selected PDF components: (pdf_ZZ,pdf_WZ,pdf_WW,pdf_tW,pdf_ttbar,pdf_DYJets,pdf_WJets,pdf_QCD)
[#1] INFO:Plotting -- RooAbsPdf::plotOn(model) indirectly selected PDF components: ()
[#1] INFO:Plotting -- RooAbsPdf::plotOn(model) directly selected PDF components: (pdf_ZZ,pdf_WZ,pdf_WW,pdf_tW,pdf_ttbar,pdf_DYJets,pdf_WJets)
[#1] INFO:Plotting -- RooAbsPdf::plotOn(model) indirectly selected PDF components: ()
[#1] INFO:Plotting -- RooAbsPdf::plotOn(model) directly selected PDF components: (pdf_ZZ,pdf_WZ,pdf_WW,pdf_tW,pdf_ttbar,pdf_DYJets)
[#1] INFO:Plotting -- RooAbsPdf::plotOn(model) indirectly selected PDF components: ()
[#1] INFO:Plotting -- RooAbsPdf::plotOn(model) directly selected PDF components: (pdf_ZZ,pdf_WZ,pdf_WW,pdf_tW,pdf_ttbar)
[#1] INFO:Plotting -- RooAbsPdf::plotOn(model) indirectly selected PDF components: ()
[#1] INFO:Plotting -- RooAbsPdf::plotOn(model) directly selected PDF components: (pdf_ZZ,pdf_WZ,pdf_WW)
[#1] INFO:Plotting -- RooAbsPdf::plotOn(model) indirectly selected PDF components: ()

  RooFitResult: minimized FCN value: -4.46528e+08, estimated distance to minimum: 0.0875405
                covariance matrix quality: Full, accurate covariance matrix
                Status : MIGRAD=0 HESSE=0 

    Floating Parameter    FinalValue +/-  Error   
  --------------------  --------------------------
              n_DYJets    3.5864e+06 +/-  5.62e+03
                 n_QCD    1.0130e+07 +/-  3.40e+03
               n_WJets    1.1588e+07 +/-  5.70e+03
                  n_WW    5.9376e+04 +/-  4.68e+02
                  n_WZ    2.0971e+04 +/-  3.70e+02
                  n_ZZ    6.9167e+03 +/-  5.14e+02
                  n_tW    2.6256e+04 +/-  1.66e+03
               n_ttbar    5.8503e+05 +/-  1.02e+02

chi2: 73665.7
Normalized chi2: 147.331
[#1] INFO:InputArguments -- RooAbsReal::createHistogram(model) INFO: Model has intrinsic binning definition, selecting that binning for the histogram
Warning in <TH1D::Sumw2>: Sum of squares of weights structure already created
35.9 fb^{-1} (13 TeV)
Info in <TCanvas::Print>: pdf file ../bin/print/fit_endcap.pdf has been created
Warning in <TH1D::Sumw2>: Sum of squares of weights structure already created
Warning in <TH1D::Sumw2>: Sum of squares of weights structure already created
Info in <TCanvas::Print>: pdf file ../bin/print/ratio_endcap.pdf has been created
