ERROR in cling::CIFactory::createCI(): cannot extract standard library include paths!
Invoking:
    echo | LC_ALL=C g++ -D__ROOFIT_NOBANNER  -pipe -m64 -Wall -W -Woverloaded-virtual -fsigned-char -fPIC -pthread -std=c++11 -Wno-deprecated-declarations -Wno-comment -Wno-unused-parameter -Wno-maybe-uninitialized -Wno-unused-but-set-variable -Wno-missing-field-initializers  -fPIC -fvisibility-inlines-hidden -std=c++11 -ffunction-sections -fdata-sections -fno-common -Woverloaded-virtual -Wcast-qual -fno-strict-aliasing -pedantic -Wno-long-long -Wall -W -Wno-unused-parameter -Wwrite-strings -Wno-unused-local-typedefs -O2 -DNDEBUG -xc++ -E -v - 2>&1 >/dev/null | awk '/^#include </,/^End of search/{if (!/^#include </ && !/^End of search/){ print }}' | grep -E "(c|g)\+\+"
results in
 /cvmfs/cms.cern.ch/slc6_amd64_gcc530/external/gcc/5.3.0/bin/../lib/gcc/x86_64-pc-linux-gnu/5.3.0/../../../../include/c++/5.3.0
 /cvmfs/cms.cern.ch/slc6_amd64_gcc530/external/gcc/5.3.0/bin/../lib/gcc/x86_64-pc-linux-gnu/5.3.0/../../../../include/c++/5.3.0/x86_64-pc-linux-gnu
 /cvmfs/cms.cern.ch/slc6_amd64_gcc530/external/gcc/5.3.0/bin/../lib/gcc/x86_64-pc-linux-gnu/5.3.0/../../../../include/c++/5.3.0/backward
with exit code 0
Name collision 'ansi' between
	ansi|ansi/pc-term compatible with color
and	ansi|ansi/pc-term compatible with color
...now	ansi/pc-term compatible with color
Cannot remove alias 'ansi/pc-term compatible with color'
Name collision 'linux' between
	linux|linux console
and	linux|linux console
...now	linux console
Cannot remove alias 'linux console'
Name collision 'vt100-nav' between
	vt100-nav|vt100 without advanced video option
and	vt100-nav|vt100 without advanced video option
...now	vt100 without advanced video option
Cannot remove alias 'vt100 without advanced video option'
Name collision 'vt100' between
	vt100|vt100-am|dec vt100 (w/advanced video)
and	vt100|vt100-am|dec vt100 (w/advanced video)
...now	vt100-am|dec vt100 (w/advanced video)
...now	dec vt100 (w/advanced video)
Cannot remove alias 'dec vt100 (w/advanced video)'
Name collision 'vt102' between
	vt102|dec vt102
and	vt102|dec vt102
...now	dec vt102
Cannot remove alias 'dec vt102'
Name collision 'vt52' between
	vt52|dec vt52
and	vt52|dec vt52
...now	dec vt52
Cannot remove alias 'dec vt52'
Name collision 'vt220' between
	vt220|vt200|dec vt220
and	vt220|vt200|dec vt220
...now	vt200|dec vt220
...now	dec vt220
Cannot remove alias 'dec vt220'
Name collision 'dumb' between
	dumb|80-column dumb tty
and	dumb|80-column dumb tty
...now	80-column dumb tty
Cannot remove alias '80-column dumb tty'
