Name collision 'ansi' between
	ansi|ansi/pc-term compatible with color
and	ansi|ansi/pc-term compatible with color
...now	ansi/pc-term compatible with color
Cannot remove alias 'ansi/pc-term compatible with color'
Name collision 'linux' between
	linux|linux console
and	linux|linux console
...now	linux console
Cannot remove alias 'linux console'
Name collision 'vt100-nav' between
	vt100-nav|vt100 without advanced video option
and	vt100-nav|vt100 without advanced video option
...now	vt100 without advanced video option
Cannot remove alias 'vt100 without advanced video option'
Name collision 'vt100' between
	vt100|vt100-am|dec vt100 (w/advanced video)
and	vt100|vt100-am|dec vt100 (w/advanced video)
...now	vt100-am|dec vt100 (w/advanced video)
...now	dec vt100 (w/advanced video)
Cannot remove alias 'dec vt100 (w/advanced video)'
Name collision 'vt102' between
	vt102|dec vt102
and	vt102|dec vt102
...now	dec vt102
Cannot remove alias 'dec vt102'
Name collision 'vt52' between
	vt52|dec vt52
and	vt52|dec vt52
...now	dec vt52
Cannot remove alias 'dec vt52'
Name collision 'vt220' between
	vt220|vt200|dec vt220
and	vt220|vt200|dec vt220
...now	vt200|dec vt220
...now	dec vt220
Cannot remove alias 'dec vt220'
Name collision 'dumb' between
	dumb|80-column dumb tty
and	dumb|80-column dumb tty
...now	80-column dumb tty
Cannot remove alias '80-column dumb tty'
